log file: logs/201023-102739.log
--------------------------------------------------------------------------------
Config 1 (totally 3 configs)
No.1 training process of 1
Model name '/home/ycf19/tools/pretrained_models/bert/bert-base-uncased' not found in model shortcut name list (bert-base-uncased, bert-large-uncased, bert-base-cased, bert-large-cased, bert-base-multilingual-uncased, bert-base-multilingual-cased, bert-base-chinese, bert-base-german-cased, bert-large-uncased-whole-word-masking, bert-large-cased-whole-word-masking, bert-large-uncased-whole-word-masking-finetuned-squad, bert-large-cased-whole-word-masking-finetuned-squad, bert-base-cased-finetuned-mrpc). Assuming '/home/ycf19/tools/pretrained_models/bert/bert-base-uncased' is a path or url to a directory containing tokenizer files.
Didn't find file /home/ycf19/tools/pretrained_models/bert/bert-base-uncased/added_tokens.json. We won't load it.
Didn't find file /home/ycf19/tools/pretrained_models/bert/bert-base-uncased/special_tokens_map.json. We won't load it.
Didn't find file /home/ycf19/tools/pretrained_models/bert/bert-base-uncased/tokenizer_config.json. We won't load it.
loading file /home/ycf19/tools/pretrained_models/bert/bert-base-uncased/vocab.txt
loading file None
loading file None
loading file None
loading configuration file /home/ycf19/tools/pretrained_models/bert/bert-base-uncased/config.json
Model config {
  "architectures": [
    "BertForMaskedLM"
  ],
  "attention_probs_dropout_prob": 0.1,
  "finetuning_task": null,
  "hidden_act": "gelu",
  "hidden_dropout_prob": 0.1,
  "hidden_size": 768,
  "initializer_range": 0.02,
  "intermediate_size": 3072,
  "layer_norm_eps": 1e-12,
  "max_position_embeddings": 512,
  "model_type": "bert",
  "num_attention_heads": 12,
  "num_hidden_layers": 12,
  "num_labels": 2,
  "output_attentions": false,
  "output_hidden_states": false,
  "pad_token_id": 0,
  "pruned_heads": {},
  "torchscript": false,
  "type_vocab_size": 2,
  "vocab_size": 30522
}

loading weights file /home/ycf19/tools/pretrained_models/bert/bert-base-uncased/pytorch_model.bin
>>> dataset: laptop
>>> output_dir: output
>>> SRD: 5
>>> learning_rate: 3e-05
>>> use_unique_bert: True
>>> use_bert_spc: False
>>> local_context_focus: cdm
>>> num_train_epochs: 5.0
>>> train_batch_size: 16
>>> dropout: 0.0
>>> max_seq_length: 80
>>> eval_batch_size: 32
>>> eval_steps: 20
>>> gradient_accumulation_steps: 1
>>> device: cuda:2
>>> seed: 1
>>> bert_model: /home/ycf19/tools/pretrained_models/bert/bert-base-uncased
>>> data_dir: atepc_datasets/laptop
***** Running training *****
  Num examples = 2327
  Batch size = 16
  Num steps = 725
################################################################################
Train 1 Epoch1
################################################################################
################################################################################
Train 1 Epoch2
################################################################################
################################################################################
Train 1 Epoch3
################################################################################
################################################################################
Train 1 Epoch4
################################################################################
********************************************************************************
Train 1 Epoch4, Evaluate for atepc_datasets/laptop
APC_test_acc: 76.57(max: 76.57)  APC_test_f1: 70.98(max: 70.98)
ATE_test_f1: 79.89(max:79.89)
********************************************************************************
********************************************************************************
Train 1 Epoch4, Evaluate for atepc_datasets/laptop
APC_test_acc: 76.89(max: 76.89)  APC_test_f1: 70.98(max: 70.98)
ATE_test_f1: 81.23(max:81.23)
********************************************************************************
********************************************************************************
Train 1 Epoch4, Evaluate for atepc_datasets/laptop
APC_test_acc: 78.14(max: 78.14)  APC_test_f1: 75.18(max: 75.18)
ATE_test_f1: 81.08(max:81.23)
********************************************************************************
********************************************************************************
Train 1 Epoch4, Evaluate for atepc_datasets/laptop
APC_test_acc: 72.17(max: 78.14)  APC_test_f1: 66.5(max: 75.18)
ATE_test_f1: 76.5(max:81.23)
********************************************************************************
********************************************************************************
Train 1 Epoch4, Evaluate for atepc_datasets/laptop
APC_test_acc: 77.52(max: 78.14)  APC_test_f1: 72.16(max: 75.18)
ATE_test_f1: 79.31(max:81.23)
********************************************************************************
********************************************************************************
Train 1 Epoch4, Evaluate for atepc_datasets/laptop
APC_test_acc: 74.37(max: 78.14)  APC_test_f1: 70.87(max: 75.18)
ATE_test_f1: 80.76(max:81.23)
********************************************************************************
********************************************************************************
Train 1 Epoch4, Evaluate for atepc_datasets/laptop
APC_test_acc: 73.74(max: 78.14)  APC_test_f1: 65.1(max: 75.18)
ATE_test_f1: 79.56(max:81.23)
********************************************************************************
********************************************************************************
Train 1 Epoch4, Evaluate for atepc_datasets/laptop
APC_test_acc: 70.28(max: 78.14)  APC_test_f1: 57.37(max: 75.18)
ATE_test_f1: 79.69(max:81.23)
********************************************************************************
################################################################################
Train 1 Epoch5
################################################################################
********************************************************************************
Train 1 Epoch5, Evaluate for atepc_datasets/laptop
APC_test_acc: 75.16(max: 78.14)  APC_test_f1: 68.34(max: 75.18)
ATE_test_f1: 79.77(max:81.23)
********************************************************************************
********************************************************************************
Train 1 Epoch5, Evaluate for atepc_datasets/laptop
APC_test_acc: 77.2(max: 78.14)  APC_test_f1: 73.16(max: 75.18)
ATE_test_f1: 81.03(max:81.23)
********************************************************************************
********************************************************************************
Train 1 Epoch5, Evaluate for atepc_datasets/laptop
APC_test_acc: 75.16(max: 78.14)  APC_test_f1: 67.39(max: 75.18)
ATE_test_f1: 76.67(max:81.23)
********************************************************************************
********************************************************************************
Train 1 Epoch5, Evaluate for atepc_datasets/laptop
APC_test_acc: 77.36(max: 78.14)  APC_test_f1: 73.29(max: 75.18)
ATE_test_f1: 78.93(max:81.23)
********************************************************************************
********************************************************************************
Train 1 Epoch5, Evaluate for atepc_datasets/laptop
APC_test_acc: 76.1(max: 78.14)  APC_test_f1: 71.52(max: 75.18)
ATE_test_f1: 80.6(max:81.23)
********************************************************************************
********************************************************************************
Train 1 Epoch5, Evaluate for atepc_datasets/laptop
APC_test_acc: 79.09(max: 79.09)  APC_test_f1: 74.95(max: 75.18)
ATE_test_f1: 79.54(max:81.23)
********************************************************************************
********************************************************************************
Train 1 Epoch5, Evaluate for atepc_datasets/laptop
APC_test_acc: 75.47(max: 79.09)  APC_test_f1: 73.2(max: 75.18)
ATE_test_f1: 81.34(max:81.34)
********************************************************************************
max_ate_test_f1:81.34 max_apc_test_acc: 79.09	max_apc_test_f1: 75.18 	
--------------------------------------------------------------------------------
Config 2 (totally 3 configs)
No.1 training process of 1
Model name '/home/ycf19/tools/pretrained_models/bert/bert-base-uncased' not found in model shortcut name list (bert-base-uncased, bert-large-uncased, bert-base-cased, bert-large-cased, bert-base-multilingual-uncased, bert-base-multilingual-cased, bert-base-chinese, bert-base-german-cased, bert-large-uncased-whole-word-masking, bert-large-cased-whole-word-masking, bert-large-uncased-whole-word-masking-finetuned-squad, bert-large-cased-whole-word-masking-finetuned-squad, bert-base-cased-finetuned-mrpc). Assuming '/home/ycf19/tools/pretrained_models/bert/bert-base-uncased' is a path or url to a directory containing tokenizer files.
Didn't find file /home/ycf19/tools/pretrained_models/bert/bert-base-uncased/added_tokens.json. We won't load it.
Didn't find file /home/ycf19/tools/pretrained_models/bert/bert-base-uncased/special_tokens_map.json. We won't load it.
Didn't find file /home/ycf19/tools/pretrained_models/bert/bert-base-uncased/tokenizer_config.json. We won't load it.
loading file /home/ycf19/tools/pretrained_models/bert/bert-base-uncased/vocab.txt
loading file None
loading file None
loading file None
loading configuration file /home/ycf19/tools/pretrained_models/bert/bert-base-uncased/config.json
Model config {
  "architectures": [
    "BertForMaskedLM"
  ],
  "attention_probs_dropout_prob": 0.1,
  "finetuning_task": null,
  "hidden_act": "gelu",
  "hidden_dropout_prob": 0.1,
  "hidden_size": 768,
  "initializer_range": 0.02,
  "intermediate_size": 3072,
  "layer_norm_eps": 1e-12,
  "max_position_embeddings": 512,
  "model_type": "bert",
  "num_attention_heads": 12,
  "num_hidden_layers": 12,
  "num_labels": 2,
  "output_attentions": false,
  "output_hidden_states": false,
  "pad_token_id": 0,
  "pruned_heads": {},
  "torchscript": false,
  "type_vocab_size": 2,
  "vocab_size": 30522
}

loading weights file /home/ycf19/tools/pretrained_models/bert/bert-base-uncased/pytorch_model.bin
>>> dataset: restaurant
>>> output_dir: output
>>> SRD: 5
>>> learning_rate: 3e-05
>>> use_unique_bert: True
>>> use_bert_spc: False
>>> local_context_focus: cdm
>>> num_train_epochs: 5.0
>>> train_batch_size: 16
>>> dropout: 0.0
>>> max_seq_length: 80
>>> eval_batch_size: 32
>>> eval_steps: 20
>>> gradient_accumulation_steps: 1
>>> device: cuda:2
>>> seed: 1
>>> bert_model: /home/ycf19/tools/pretrained_models/bert/bert-base-uncased
>>> data_dir: atepc_datasets/restaurant
***** Running training *****
  Num examples = 3602
  Batch size = 16
  Num steps = 1125
################################################################################
Train 1 Epoch1
################################################################################
################################################################################
Train 1 Epoch2
################################################################################
################################################################################
Train 1 Epoch3
################################################################################
################################################################################
Train 1 Epoch4
################################################################################
********************************************************************************
Train 1 Epoch4, Evaluate for atepc_datasets/restaurant
APC_test_acc: 83.11(max: 83.11)  APC_test_f1: 74.31(max: 74.31)
ATE_test_f1: 87.43(max:87.43)
********************************************************************************
********************************************************************************
Train 1 Epoch4, Evaluate for atepc_datasets/restaurant
APC_test_acc: 80.88(max: 83.11)  APC_test_f1: 66.93(max: 74.31)
ATE_test_f1: 85.06(max:87.43)
********************************************************************************
********************************************************************************
Train 1 Epoch4, Evaluate for atepc_datasets/restaurant
APC_test_acc: 82.84(max: 83.11)  APC_test_f1: 73.9(max: 74.31)
ATE_test_f1: 86.43(max:87.43)
********************************************************************************
********************************************************************************
Train 1 Epoch4, Evaluate for atepc_datasets/restaurant
APC_test_acc: 81.95(max: 83.11)  APC_test_f1: 71.0(max: 74.31)
ATE_test_f1: 86.87(max:87.43)
********************************************************************************
********************************************************************************
Train 1 Epoch4, Evaluate for atepc_datasets/restaurant
APC_test_acc: 80.79(max: 83.11)  APC_test_f1: 69.82(max: 74.31)
ATE_test_f1: 86.54(max:87.43)
********************************************************************************
********************************************************************************
Train 1 Epoch4, Evaluate for atepc_datasets/restaurant
APC_test_acc: 80.52(max: 83.11)  APC_test_f1: 69.79(max: 74.31)
ATE_test_f1: 86.98(max:87.43)
********************************************************************************
********************************************************************************
Train 1 Epoch4, Evaluate for atepc_datasets/restaurant
APC_test_acc: 80.88(max: 83.11)  APC_test_f1: 68.01(max: 74.31)
ATE_test_f1: 86.92(max:87.43)
********************************************************************************
********************************************************************************
Train 1 Epoch4, Evaluate for atepc_datasets/restaurant
APC_test_acc: 81.05(max: 83.11)  APC_test_f1: 70.75(max: 74.31)
ATE_test_f1: 87.91(max:87.91)
********************************************************************************
********************************************************************************
Train 1 Epoch4, Evaluate for atepc_datasets/restaurant
APC_test_acc: 81.95(max: 83.11)  APC_test_f1: 70.92(max: 74.31)
ATE_test_f1: 84.93(max:87.91)
********************************************************************************
********************************************************************************
Train 1 Epoch4, Evaluate for atepc_datasets/restaurant
APC_test_acc: 80.43(max: 83.11)  APC_test_f1: 69.36(max: 74.31)
ATE_test_f1: 84.46(max:87.91)
********************************************************************************
********************************************************************************
Train 1 Epoch4, Evaluate for atepc_datasets/restaurant
APC_test_acc: 82.66(max: 83.11)  APC_test_f1: 73.2(max: 74.31)
ATE_test_f1: 86.01(max:87.91)
********************************************************************************
********************************************************************************
Train 1 Epoch4, Evaluate for atepc_datasets/restaurant
APC_test_acc: 83.2(max: 83.2)  APC_test_f1: 72.89(max: 74.31)
ATE_test_f1: 86.57(max:87.91)
********************************************************************************
################################################################################
Train 1 Epoch5
################################################################################
********************************************************************************
Train 1 Epoch5, Evaluate for atepc_datasets/restaurant
APC_test_acc: 82.04(max: 83.2)  APC_test_f1: 74.2(max: 74.31)
ATE_test_f1: 85.98(max:87.91)
********************************************************************************
********************************************************************************
Train 1 Epoch5, Evaluate for atepc_datasets/restaurant
APC_test_acc: 82.31(max: 83.2)  APC_test_f1: 74.61(max: 74.61)
ATE_test_f1: 85.88(max:87.91)
********************************************************************************
********************************************************************************
Train 1 Epoch5, Evaluate for atepc_datasets/restaurant
APC_test_acc: 80.07(max: 83.2)  APC_test_f1: 67.47(max: 74.61)
ATE_test_f1: 86.74(max:87.91)
********************************************************************************
********************************************************************************
Train 1 Epoch5, Evaluate for atepc_datasets/restaurant
APC_test_acc: 82.57(max: 83.2)  APC_test_f1: 73.35(max: 74.61)
ATE_test_f1: 86.79(max:87.91)
********************************************************************************
********************************************************************************
Train 1 Epoch5, Evaluate for atepc_datasets/restaurant
APC_test_acc: 81.14(max: 83.2)  APC_test_f1: 71.13(max: 74.61)
ATE_test_f1: 86.41(max:87.91)
********************************************************************************
********************************************************************************
Train 1 Epoch5, Evaluate for atepc_datasets/restaurant
APC_test_acc: 81.68(max: 83.2)  APC_test_f1: 71.67(max: 74.61)
ATE_test_f1: 87.67(max:87.91)
********************************************************************************
********************************************************************************
Train 1 Epoch5, Evaluate for atepc_datasets/restaurant
APC_test_acc: 81.59(max: 83.2)  APC_test_f1: 71.23(max: 74.61)
ATE_test_f1: 85.49(max:87.91)
********************************************************************************
********************************************************************************
Train 1 Epoch5, Evaluate for atepc_datasets/restaurant
APC_test_acc: 81.05(max: 83.2)  APC_test_f1: 69.66(max: 74.61)
ATE_test_f1: 85.72(max:87.91)
********************************************************************************
********************************************************************************
Train 1 Epoch5, Evaluate for atepc_datasets/restaurant
APC_test_acc: 82.84(max: 83.2)  APC_test_f1: 73.11(max: 74.61)
ATE_test_f1: 81.8(max:87.91)
********************************************************************************
********************************************************************************
Train 1 Epoch5, Evaluate for atepc_datasets/restaurant
APC_test_acc: 84.27(max: 84.27)  APC_test_f1: 75.81(max: 75.81)
ATE_test_f1: 83.82(max:87.91)
********************************************************************************
********************************************************************************
Train 1 Epoch5, Evaluate for atepc_datasets/restaurant
APC_test_acc: 82.48(max: 84.27)  APC_test_f1: 71.17(max: 75.81)
ATE_test_f1: 84.91(max:87.91)
********************************************************************************
max_ate_test_f1:87.91 max_apc_test_acc: 84.27	max_apc_test_f1: 75.81 	
--------------------------------------------------------------------------------
Config 3 (totally 3 configs)
No.1 training process of 1
Model name '/home/ycf19/tools/pretrained_models/bert/bert-base-uncased' not found in model shortcut name list (bert-base-uncased, bert-large-uncased, bert-base-cased, bert-large-cased, bert-base-multilingual-uncased, bert-base-multilingual-cased, bert-base-chinese, bert-base-german-cased, bert-large-uncased-whole-word-masking, bert-large-cased-whole-word-masking, bert-large-uncased-whole-word-masking-finetuned-squad, bert-large-cased-whole-word-masking-finetuned-squad, bert-base-cased-finetuned-mrpc). Assuming '/home/ycf19/tools/pretrained_models/bert/bert-base-uncased' is a path or url to a directory containing tokenizer files.
Didn't find file /home/ycf19/tools/pretrained_models/bert/bert-base-uncased/added_tokens.json. We won't load it.
Didn't find file /home/ycf19/tools/pretrained_models/bert/bert-base-uncased/special_tokens_map.json. We won't load it.
Didn't find file /home/ycf19/tools/pretrained_models/bert/bert-base-uncased/tokenizer_config.json. We won't load it.
loading file /home/ycf19/tools/pretrained_models/bert/bert-base-uncased/vocab.txt
loading file None
loading file None
loading file None
loading configuration file /home/ycf19/tools/pretrained_models/bert/bert-base-uncased/config.json
Model config {
  "architectures": [
    "BertForMaskedLM"
  ],
  "attention_probs_dropout_prob": 0.1,
  "finetuning_task": null,
  "hidden_act": "gelu",
  "hidden_dropout_prob": 0.1,
  "hidden_size": 768,
  "initializer_range": 0.02,
  "intermediate_size": 3072,
  "layer_norm_eps": 1e-12,
  "max_position_embeddings": 512,
  "model_type": "bert",
  "num_attention_heads": 12,
  "num_hidden_layers": 12,
  "num_labels": 2,
  "output_attentions": false,
  "output_hidden_states": false,
  "pad_token_id": 0,
  "pruned_heads": {},
  "torchscript": false,
  "type_vocab_size": 2,
  "vocab_size": 30522
}

loading weights file /home/ycf19/tools/pretrained_models/bert/bert-base-uncased/pytorch_model.bin
>>> dataset: twitter
>>> output_dir: output
>>> SRD: 5
>>> learning_rate: 3e-05
>>> use_unique_bert: True
>>> use_bert_spc: False
>>> local_context_focus: cdm
>>> num_train_epochs: 5.0
>>> train_batch_size: 16
>>> dropout: 0.0
>>> max_seq_length: 80
>>> eval_batch_size: 32
>>> eval_steps: 20
>>> gradient_accumulation_steps: 1
>>> device: cuda:2
>>> seed: 1
>>> bert_model: /home/ycf19/tools/pretrained_models/bert/bert-base-uncased
>>> data_dir: atepc_datasets/twitter
***** Running training *****
  Num examples = 6247
  Batch size = 16
  Num steps = 1950
################################################################################
Train 1 Epoch1
################################################################################
################################################################################
Train 1 Epoch2
################################################################################
################################################################################
Train 1 Epoch3
################################################################################
################################################################################
Train 1 Epoch4
################################################################################
********************************************************************************
Train 1 Epoch4, Evaluate for atepc_datasets/twitter
APC_test_acc: 68.6(max: 68.6)  APC_test_f1: 68.58(max: 68.58)
ATE_test_f1: 95.14(max:95.14)
********************************************************************************
********************************************************************************
Train 1 Epoch4, Evaluate for atepc_datasets/twitter
APC_test_acc: 71.2(max: 71.2)  APC_test_f1: 70.63(max: 70.63)
ATE_test_f1: 95.14(max:95.14)
********************************************************************************
********************************************************************************
Train 1 Epoch4, Evaluate for atepc_datasets/twitter
APC_test_acc: 70.62(max: 71.2)  APC_test_f1: 69.99(max: 70.63)
ATE_test_f1: 95.2(max:95.2)
********************************************************************************
********************************************************************************
Train 1 Epoch4, Evaluate for atepc_datasets/twitter
APC_test_acc: 70.19(max: 71.2)  APC_test_f1: 68.85(max: 70.63)
ATE_test_f1: 95.9(max:95.9)
********************************************************************************
********************************************************************************
Train 1 Epoch4, Evaluate for atepc_datasets/twitter
APC_test_acc: 67.29(max: 71.2)  APC_test_f1: 67.59(max: 70.63)
ATE_test_f1: 95.48(max:95.9)
********************************************************************************
********************************************************************************
Train 1 Epoch4, Evaluate for atepc_datasets/twitter
APC_test_acc: 68.89(max: 71.2)  APC_test_f1: 68.79(max: 70.63)
ATE_test_f1: 94.95(max:95.9)
********************************************************************************
********************************************************************************
Train 1 Epoch4, Evaluate for atepc_datasets/twitter
APC_test_acc: 69.61(max: 71.2)  APC_test_f1: 68.82(max: 70.63)
ATE_test_f1: 95.42(max:95.9)
********************************************************************************
********************************************************************************
Train 1 Epoch4, Evaluate for atepc_datasets/twitter
APC_test_acc: 70.77(max: 71.2)  APC_test_f1: 69.69(max: 70.63)
ATE_test_f1: 95.13(max:95.9)
********************************************************************************
********************************************************************************
Train 1 Epoch4, Evaluate for atepc_datasets/twitter
APC_test_acc: 69.9(max: 71.2)  APC_test_f1: 68.26(max: 70.63)
ATE_test_f1: 94.95(max:95.9)
********************************************************************************
********************************************************************************
Train 1 Epoch4, Evaluate for atepc_datasets/twitter
APC_test_acc: 68.6(max: 71.2)  APC_test_f1: 63.5(max: 70.63)
ATE_test_f1: 94.88(max:95.9)
********************************************************************************
********************************************************************************
Train 1 Epoch4, Evaluate for atepc_datasets/twitter
APC_test_acc: 70.77(max: 71.2)  APC_test_f1: 67.78(max: 70.63)
ATE_test_f1: 94.36(max:95.9)
********************************************************************************
********************************************************************************
Train 1 Epoch4, Evaluate for atepc_datasets/twitter
APC_test_acc: 72.21(max: 72.21)  APC_test_f1: 70.45(max: 70.63)
ATE_test_f1: 94.46(max:95.9)
********************************************************************************
********************************************************************************
Train 1 Epoch4, Evaluate for atepc_datasets/twitter
APC_test_acc: 71.35(max: 72.21)  APC_test_f1: 69.79(max: 70.63)
ATE_test_f1: 94.88(max:95.9)
********************************************************************************
********************************************************************************
Train 1 Epoch4, Evaluate for atepc_datasets/twitter
APC_test_acc: 70.19(max: 72.21)  APC_test_f1: 69.73(max: 70.63)
ATE_test_f1: 95.29(max:95.9)
********************************************************************************
********************************************************************************
Train 1 Epoch4, Evaluate for atepc_datasets/twitter
APC_test_acc: 70.33(max: 72.21)  APC_test_f1: 69.87(max: 70.63)
ATE_test_f1: 95.0(max:95.9)
********************************************************************************
********************************************************************************
Train 1 Epoch4, Evaluate for atepc_datasets/twitter
APC_test_acc: 69.61(max: 72.21)  APC_test_f1: 68.27(max: 70.63)
ATE_test_f1: 95.5(max:95.9)
********************************************************************************
********************************************************************************
Train 1 Epoch4, Evaluate for atepc_datasets/twitter
APC_test_acc: 71.35(max: 72.21)  APC_test_f1: 69.78(max: 70.63)
ATE_test_f1: 94.58(max:95.9)
********************************************************************************
********************************************************************************
Train 1 Epoch4, Evaluate for atepc_datasets/twitter
APC_test_acc: 71.06(max: 72.21)  APC_test_f1: 66.92(max: 70.63)
ATE_test_f1: 95.46(max:95.9)
********************************************************************************
********************************************************************************
Train 1 Epoch4, Evaluate for atepc_datasets/twitter
APC_test_acc: 71.49(max: 72.21)  APC_test_f1: 68.58(max: 70.63)
ATE_test_f1: 94.48(max:95.9)
********************************************************************************
********************************************************************************
Train 1 Epoch4, Evaluate for atepc_datasets/twitter
APC_test_acc: 70.48(max: 72.21)  APC_test_f1: 69.96(max: 70.63)
ATE_test_f1: 94.93(max:95.9)
********************************************************************************
################################################################################
Train 1 Epoch5
################################################################################
********************************************************************************
Train 1 Epoch5, Evaluate for atepc_datasets/twitter
APC_test_acc: 70.62(max: 72.21)  APC_test_f1: 69.5(max: 70.63)
ATE_test_f1: 94.86(max:95.9)
********************************************************************************
********************************************************************************
Train 1 Epoch5, Evaluate for atepc_datasets/twitter
APC_test_acc: 72.79(max: 72.79)  APC_test_f1: 71.65(max: 71.65)
ATE_test_f1: 95.79(max:95.9)
********************************************************************************
********************************************************************************
Train 1 Epoch5, Evaluate for atepc_datasets/twitter
APC_test_acc: 68.45(max: 72.79)  APC_test_f1: 68.26(max: 71.65)
ATE_test_f1: 94.86(max:95.9)
********************************************************************************
********************************************************************************
Train 1 Epoch5, Evaluate for atepc_datasets/twitter
APC_test_acc: 71.06(max: 72.79)  APC_test_f1: 69.75(max: 71.65)
ATE_test_f1: 95.48(max:95.9)
********************************************************************************
********************************************************************************
Train 1 Epoch5, Evaluate for atepc_datasets/twitter
APC_test_acc: 70.04(max: 72.79)  APC_test_f1: 69.68(max: 71.65)
ATE_test_f1: 95.42(max:95.9)
********************************************************************************
********************************************************************************
Train 1 Epoch5, Evaluate for atepc_datasets/twitter
APC_test_acc: 68.6(max: 72.79)  APC_test_f1: 67.5(max: 71.65)
ATE_test_f1: 95.49(max:95.9)
********************************************************************************
********************************************************************************
Train 1 Epoch5, Evaluate for atepc_datasets/twitter
APC_test_acc: 68.45(max: 72.79)  APC_test_f1: 66.92(max: 71.65)
ATE_test_f1: 95.44(max:95.9)
********************************************************************************
********************************************************************************
Train 1 Epoch5, Evaluate for atepc_datasets/twitter
APC_test_acc: 70.91(max: 72.79)  APC_test_f1: 70.05(max: 71.65)
ATE_test_f1: 95.42(max:95.9)
********************************************************************************
********************************************************************************
Train 1 Epoch5, Evaluate for atepc_datasets/twitter
APC_test_acc: 71.2(max: 72.79)  APC_test_f1: 68.78(max: 71.65)
ATE_test_f1: 95.39(max:95.9)
********************************************************************************
********************************************************************************
Train 1 Epoch5, Evaluate for atepc_datasets/twitter
APC_test_acc: 65.85(max: 72.79)  APC_test_f1: 61.78(max: 71.65)
ATE_test_f1: 95.33(max:95.9)
********************************************************************************
********************************************************************************
Train 1 Epoch5, Evaluate for atepc_datasets/twitter
APC_test_acc: 71.06(max: 72.79)  APC_test_f1: 68.97(max: 71.65)
ATE_test_f1: 94.4(max:95.9)
********************************************************************************
********************************************************************************
Train 1 Epoch5, Evaluate for atepc_datasets/twitter
APC_test_acc: 71.2(max: 72.79)  APC_test_f1: 68.6(max: 71.65)
ATE_test_f1: 94.99(max:95.9)
********************************************************************************
********************************************************************************
Train 1 Epoch5, Evaluate for atepc_datasets/twitter
APC_test_acc: 72.07(max: 72.79)  APC_test_f1: 69.26(max: 71.65)
ATE_test_f1: 95.03(max:95.9)
********************************************************************************
********************************************************************************
Train 1 Epoch5, Evaluate for atepc_datasets/twitter
APC_test_acc: 71.78(max: 72.79)  APC_test_f1: 70.77(max: 71.65)
ATE_test_f1: 94.85(max:95.9)
********************************************************************************
********************************************************************************
Train 1 Epoch5, Evaluate for atepc_datasets/twitter
APC_test_acc: 68.74(max: 72.79)  APC_test_f1: 68.41(max: 71.65)
ATE_test_f1: 94.86(max:95.9)
********************************************************************************
********************************************************************************
Train 1 Epoch5, Evaluate for atepc_datasets/twitter
APC_test_acc: 71.92(max: 72.79)  APC_test_f1: 71.17(max: 71.65)
ATE_test_f1: 94.63(max:95.9)
********************************************************************************
********************************************************************************
Train 1 Epoch5, Evaluate for atepc_datasets/twitter
APC_test_acc: 71.06(max: 72.79)  APC_test_f1: 70.44(max: 71.65)
ATE_test_f1: 95.36(max:95.9)
********************************************************************************
********************************************************************************
Train 1 Epoch5, Evaluate for atepc_datasets/twitter
APC_test_acc: 72.94(max: 72.94)  APC_test_f1: 71.6(max: 71.65)
ATE_test_f1: 95.33(max:95.9)
********************************************************************************
********************************************************************************
Train 1 Epoch5, Evaluate for atepc_datasets/twitter
APC_test_acc: 72.36(max: 72.94)  APC_test_f1: 69.27(max: 71.65)
ATE_test_f1: 95.33(max:95.9)
********************************************************************************
max_ate_test_f1:95.9 max_apc_test_acc: 72.94	max_apc_test_f1: 71.65 	
